<?xml version="1.0" encoding="UTF-8"?>
<!-- Generated by org.testng.reporters.JUnitReportReporter -->
<testsuite hostname="DESKTOP-OKTJI84" failures="0" tests="4" name="mytest" time="0.228" errors="0" timestamp="2024-11-04T18:56:42 EET" skipped="0">
  <testcase classname="mytest" name="CheckTheEnglishLanguageIsDefault" time="0.070"/>
  <system-out/>
  <testcase classname="mytest" name="CheckTheDefaultCurrencyIsSAR" time="0.052"/>
  <system-out/>
  <testcase classname="mytest" name="CheckTheContactNumber" time="0.058"/>
  <system-out/>
  <testcase classname="mytest" name="CheckQitafLogoIsThereInTheFooter" time="0.048"/>
  <system-out/>
</testsuite> <!-- mytest -->
